<?xml version="1.0" encoding="UTF-8"?>
<!-- Generated by org.testng.reporters.JUnitReportReporter -->
<testsuite hostname="DESKTOP-J5R3IOH" failures="0" tests="1" name="APITrial.GetAndPostExamples" time="3.340" errors="0" timestamp="2022-10-01T12:12:45 EET" skipped="0">
  <testcase classname="APITrial.GetAndPostExamples" name="testPost" time="3.340"/>
  <system-out/>
</testsuite> <!-- APITrial.GetAndPostExamples -->
