<?xml version="1.0" encoding="UTF-8"?>
<!-- Generated by org.testng.reporters.JUnitReportReporter -->
<testsuite hostname="DESKTOP-J5R3IOH" failures="0" tests="3" name="APITrial.APITests" time="8.712" errors="0" timestamp="2022-10-01T11:52:04 EET" skipped="0">
  <testcase classname="APITrial.APITests" name="test2" time="0.540"/>
  <system-out/>
  <testcase classname="APITrial.APITests" name="test3" time="3.707"/>
  <system-out/>
  <testcase classname="APITrial.APITests" name="test1" time="4.465"/>
  <system-out/>
</testsuite> <!-- APITrial.APITests -->
